// Warning: Loading Bifrost version 2.3.1.0-202110140143-ddfa15b // 
// Warning: Bifrost: Loading library: Amino, from: Autodesk. // 
// Warning: Bifrost: Loading library: AminoMayaTranslation, from: Autodesk. // 
// Warning: Bifrost: Loading library: bif, from: Autodesk. // 
// Warning: Bifrost: Loading library: bifrostObjectMayaTranslations, from: Autodesk. // 
// Warning: Bifrost: Loading library: geometries, from: Autodesk. // 
// Warning: Bifrost: Loading library: fluids, from: Autodesk. // 
// Warning: Bifrost: Loading library: particles, from: Autodesk. // 
// Warning: Bifrost: Loading library: file, from: Autodesk. // 
// Warning: Bifrost: Loading library: mpm, from: Autodesk. // 
// Warning: Bifrost: Loading library: modeling, from: Autodesk. // 
// Warning: Bifrost: Loading library: nucleus, from: Autodesk. // 
// Warning: Bifrost: Loading library: simulation, from: Autodesk. // 
// Warning: Bifrost: Loading library: riv_types, from: Autodesk. // 
// Warning: Bifrost: Loading library: riv, from: Autodesk. // 
// Warning: Bifrost: Loading library: scatter_pack, from: Autodesk. // 
// Warning: Bifrost: Loading library: graphs, from: Autodesk. // 
// Warning: file: C:\Users\CF0990\Documents\maya\2022\prefs\filePathEditorRegistryPrefs.mel line 4: filePathEditor: Attribute 'aiImage.filename' is invalid or is not designated 'usedAsFilename'. // 
// Warning: file: C:\Users\CF0990\Documents\maya\2022\prefs\filePathEditorRegistryPrefs.mel line 5: filePathEditor: Attribute 'aiPhotometricLight.aiFilename' is invalid or is not designated 'usedAsFilename'. // 
// Warning: file: C:\Users\CF0990\Documents\maya\2022\prefs\filePathEditorRegistryPrefs.mel line 6: filePathEditor: Attribute 'aiStandIn.dso' is invalid or is not designated 'usedAsFilename'. // 
// Warning: file: C:\Users\CF0990\Documents\maya\2022\prefs\filePathEditorRegistryPrefs.mel line 7: filePathEditor: Attribute 'aiVolume.filename' is invalid or is not designated 'usedAsFilename'. // 
// Warning: line 1: filePathEditor: Attribute 'aiStandIn.dso' and label 'Standin' have been saved already. // 
// Warning: line 1: filePathEditor: Attribute 'aiVolume.filename' and label 'VDB' have been saved already. // 
// Warning: line 1: filePathEditor: Attribute 'aiImage.filename' and label 'Image' have been saved already. // 
// Warning: line 1: filePathEditor: Attribute 'aiPhotometricLight.aiFilename' and label 'IES' have been saved already. // 
import arnold
import mtoa
import mtoa.cmds.registerArnoldRenderer;mtoa.cmds.registerArnoldRenderer.registerArnoldRenderer()
// Warning: file: C:/Program Files/Autodesk/Maya2022/scripts/startup/initialStartup.mel line 184: Y-axis is already the Up-axis // 
file -f -new;
// Result: untitled // 
python("import rigbuild;rb=rigbuild.Build(buildPath='C:/Users/CF0990/Desktop/Maya-main/scripts/tkgTools/launchers/maya/tkgTools/python/buildRig/projects/wizard2/bahamut/', logFolder='C:/Users/CF0990/Desktop/Maya-main/scripts/tkgTools/launchers/maya/tkgTools/python/buildRig/projects/wizard2/bahamut/\log');rb.main()");
// Warning: file: //cydrive01/104_projects/148_wizard2/30_design/02_3DCG/05_rig/env/bahamut/20231215/Bahamut.ma line 53214: Unrecognized node type 'nodeGraphEditorInfo'; preserving node information during this session. // 
// Warning: file: //cydrive01/104_projects/148_wizard2/30_design/02_3DCG/05_rig/env/bahamut/20231215/Bahamut.ma line 66152: You must either select the affected nodes or specify them on the command line. // 
# Warning: Frame rate mismatch:  The imported scene frame rate '59.94 fps' differs from the existing frame rate '60 fps'.
Imported animation keys may not match scene frames and become fractional. # 
# Warning: Errors have occurred while reading this scene that may result in data loss. # 
