// Warning: Loading Bifrost version 2.3.1.0-202110140143-ddfa15b // 
// Warning: Bifrost: Loading library: Amino, from: Autodesk. // 
// Warning: Bifrost: Loading library: AminoMayaTranslation, from: Autodesk. // 
// Warning: Bifrost: Loading library: bif, from: Autodesk. // 
// Warning: Bifrost: Loading library: bifrostObjectMayaTranslations, from: Autodesk. // 
// Warning: Bifrost: Loading library: geometries, from: Autodesk. // 
// Warning: Bifrost: Loading library: fluids, from: Autodesk. // 
// Warning: Bifrost: Loading library: particles, from: Autodesk. // 
// Warning: Bifrost: Loading library: file, from: Autodesk. // 
// Warning: Bifrost: Loading library: mpm, from: Autodesk. // 
// Warning: Bifrost: Loading library: modeling, from: Autodesk. // 
// Warning: Bifrost: Loading library: nucleus, from: Autodesk. // 
// Warning: Bifrost: Loading library: simulation, from: Autodesk. // 
// Warning: Bifrost: Loading library: riv_types, from: Autodesk. // 
// Warning: Bifrost: Loading library: riv, from: Autodesk. // 
// Warning: Bifrost: Loading library: scatter_pack, from: Autodesk. // 
// Warning: Bifrost: Loading library: graphs, from: Autodesk. // 
// Warning: file: C:\Users\kesun\Documents\maya\2022\prefs\filePathEditorRegistryPrefs.mel line 4: filePathEditor: Attribute 'aiImage.filename' is invalid or is not designated 'usedAsFilename'. // 
// Warning: file: C:\Users\kesun\Documents\maya\2022\prefs\filePathEditorRegistryPrefs.mel line 5: filePathEditor: Attribute 'aiPhotometricLight.aiFilename' is invalid or is not designated 'usedAsFilename'. // 
// Warning: file: C:\Users\kesun\Documents\maya\2022\prefs\filePathEditorRegistryPrefs.mel line 6: filePathEditor: Attribute 'aiStandIn.dso' is invalid or is not designated 'usedAsFilename'. // 
// Warning: file: C:\Users\kesun\Documents\maya\2022\prefs\filePathEditorRegistryPrefs.mel line 7: filePathEditor: Attribute 'aiVolume.filename' is invalid or is not designated 'usedAsFilename'. // 
// Error: file: C:/Program Files/Autodesk/Maya2022/scripts/startup/autoLoadPlugin.mel line 40: Plug-in, "CharcoalEditor2", was not found on MAYA_PLUG_IN_PATH. // 
// Warning: file: C:/Program Files/Autodesk/Maya2022/scripts/startup/initialStartup.mel line 184: Y-axis is already the Up-axis // 
loadPlugin renderSetup;
// Result: renderSetup // 
// Error: TypeError: file C:\Users\kesun\Documents\maya\scripts\tkgTools\launchers\maya\thirdparty\python\maya-skinning-tools-master\scripts\skinning\install.py line 126: argument of type 'bool' is not iterable // 
file -f -new;
// Result: untitled // 
python("import rigbuild;rb=rigbuild.Build(buildPath='F:/myTechData/Maya/scripts/tkgTools/launchers/maya/tkgTools/python/tkgRigBuild/projects/projectName/charaType/');rb.main()");
// Warning: line 1: filePathEditor: Attribute 'aiStandIn.dso' and label 'Standin' have been saved already. // 
// Warning: line 1: filePathEditor: Attribute 'aiVolume.filename' and label 'VDB' have been saved already. // 
// Warning: line 1: filePathEditor: Attribute 'aiImage.filename' and label 'Image' have been saved already. // 
// Warning: line 1: filePathEditor: Attribute 'aiPhotometricLight.aiFilename' and label 'IES' have been saved already. // 
import arnold
import mtoa
import mtoa.cmds.registerArnoldRenderer;mtoa.cmds.registerArnoldRenderer.registerArnoldRenderer()
// Warning: file: C:/Users/kesun/Documents/maya/scripts/tkgTools/tkgRig/data/projects/wizard2/data/p2/p2_sotai01.ma line 45752: You must either select the affected nodes or specify them on the command line. // 
# Warning: Frame rate mismatch:  The imported scene frame rate '30 fps' differs from the existing frame rate '24 fps'.
Imported animation keys may not match scene frames and become fractional. # 
# Warning: Cn_global_CTRL has no group padding # 
# Warning: color_CTRL has no group padding # 
# Warning: switch_CTRL has no group padding # 
# Warning: visibility_CTRL has no group padding # 
# Warning: ['Cn_root_JNT'] does not exist, skipping... # 
# Warning: Name 'parentSpace' of new attribute clashes with an existing attribute of node 'Cn_hip_01_CTRL'. # 
// Warning: file: C:/Users/kesun/Documents/maya/scripts/tkgTools/tkgRig/data/projects/wizard2/data/p2/p2_sotai01.ma line 45752: You must either select the affected nodes or specify them on the command line. // 
# Warning: Frame rate mismatch:  The imported scene frame rate '30 fps' differs from the existing frame rate '24 fps'.
Imported animation keys may not match scene frames and become fractional. # 
# Warning: Cn_global_CTRL has no group padding # 
# Warning: color_CTRL has no group padding # 
# Warning: switch_CTRL has no group padding # 
# Warning: visibility_CTRL has no group padding # 
# Warning: ['Cn_root_JNT'] does not exist, skipping... # 
# Warning: Name 'parentSpace' of new attribute clashes with an existing attribute of node 'Cn_hip_01_CTRL'. # 
// Warning: file: C:/Users/kesun/Documents/maya/scripts/tkgTools/tkgRig/data/projects/wizard2/data/p2/p2_sotai01.ma line 45752: You must either select the affected nodes or specify them on the command line. // 
# Warning: Frame rate mismatch:  The imported scene frame rate '30 fps' differs from the existing frame rate '24 fps'.
Imported animation keys may not match scene frames and become fractional. # 
# Warning: Cn_global_CTRL has no group padding # 
# Warning: color_CTRL has no group padding # 
# Warning: switch_CTRL has no group padding # 
# Warning: visibility_CTRL has no group padding # 
# Warning: ['Cn_root_JNT'] does not exist, skipping... # 
# Warning: Name 'parentSpace' of new attribute clashes with an existing attribute of node 'Cn_hip_01_CTRL'. # 
// Warning: file: C:/Users/kesun/Documents/maya/scripts/tkgTools/tkgRig/data/projects/wizard2/data/p2/p2_sotai01.ma line 45752: You must either select the affected nodes or specify them on the command line. // 
# Warning: Frame rate mismatch:  The imported scene frame rate '30 fps' differs from the existing frame rate '24 fps'.
Imported animation keys may not match scene frames and become fractional. # 
# Warning: Cn_global_CTRL has no group padding # 
# Warning: color_CTRL has no group padding # 
# Warning: switch_CTRL has no group padding # 
# Warning: visibility_CTRL has no group padding # 
# Warning: ['Cn_root_JNT'] does not exist, skipping... # 
# Warning: Name 'parentSpace' of new attribute clashes with an existing attribute of node 'Cn_hip_01_CTRL'. # 
// Warning: file: C:/Users/kesun/Documents/maya/scripts/tkgTools/tkgRig/data/projects/wizard2/data/p2/p2_sotai01.ma line 45752: You must either select the affected nodes or specify them on the command line. // 
# Warning: Frame rate mismatch:  The imported scene frame rate '30 fps' differs from the existing frame rate '24 fps'.
Imported animation keys may not match scene frames and become fractional. # 
# Warning: Cn_global_CTRL has no group padding # 
# Warning: color_CTRL has no group padding # 
# Warning: switch_CTRL has no group padding # 
# Warning: visibility_CTRL has no group padding # 
# Warning: ['Cn_root_JNT'] does not exist, skipping... # 
# Warning: Name 'parentSpace' of new attribute clashes with an existing attribute of node 'Cn_hip_01_CTRL'. # 
